0 info it worked if it ends with ok
1 verbose cli [ 'C:\\Program Files\\nodejs\\node.exe',
1 verbose cli   'C:\\Program Files\\nodejs\\node_modules\\npm\\bin\\npm-cli.js',
1 verbose cli   'publish' ]
2 info using npm@3.10.8
3 info using node@v6.9.1
4 verbose publish [ '.' ]
5 silly cache add args [ '.', null ]
6 verbose cache add spec .
7 silly cache add parsed spec Result {
7 silly cache add   raw: '.',
7 silly cache add   scope: null,
7 silly cache add   escapedName: null,
7 silly cache add   name: null,
7 silly cache add   rawSpec: '.',
7 silly cache add   spec: 'C:\\Users\\Public\\starwars-names',
7 silly cache add   type: 'directory' }
8 verbose addLocalDirectory C:\Users\MSI\AppData\Roaming\npm-cache\starwars-name\1.0.0\package.tgz not in flight; packing
9 verbose correctMkdir C:\Users\MSI\AppData\Roaming\npm-cache correctMkdir not in flight; initializing
10 info lifecycle starwars-name@1.0.0~prepublish: starwars-name@1.0.0
11 silly lifecycle starwars-name@1.0.0~prepublish: no script for prepublish, continuing
12 verbose tar pack [ 'C:\\Users\\MSI\\AppData\\Roaming\\npm-cache\\starwars-name\\1.0.0\\package.tgz',
12 verbose tar pack   'C:\\Users\\Public\\starwars-names' ]
13 verbose tarball C:\Users\MSI\AppData\Roaming\npm-cache\starwars-name\1.0.0\package.tgz
14 verbose folder C:\Users\Public\starwars-names
15 verbose addLocalTarball adding from inside cache C:\Users\MSI\AppData\Roaming\npm-cache\starwars-name\1.0.0\package.tgz
16 verbose correctMkdir C:\Users\MSI\AppData\Roaming\npm-cache correctMkdir not in flight; initializing
17 silly cache afterAdd starwars-name@1.0.0
18 verbose afterAdd C:\Users\MSI\AppData\Roaming\npm-cache\starwars-name\1.0.0\package\package.json not in flight; writing
19 verbose correctMkdir C:\Users\MSI\AppData\Roaming\npm-cache correctMkdir not in flight; initializing
20 verbose afterAdd C:\Users\MSI\AppData\Roaming\npm-cache\starwars-name\1.0.0\package\package.json written
21 silly publish { name: 'starwars-name',
21 silly publish   version: '1.0.0',
21 silly publish   description: 'Get random star wars names',
21 silly publish   main: 'src/index.js',
21 silly publish   scripts: { test: 'echo "Error: no test specified" && exit 1' },
21 silly publish   repository:
21 silly publish    { type: 'git',
21 silly publish      url: 'git+https://github.com/sevkibaba/starwars-names.git' },
21 silly publish   keywords: [ 'random', 'star', 'wars' ],
21 silly publish   author: { name: 'Sevki Yontem', email: 'sevkiyontem@gmail.com' },
21 silly publish   license: 'MIT',
21 silly publish   bugs: { url: 'https://github.com/sevkibaba/starwars-names/issues' },
21 silly publish   homepage: 'https://github.com/sevkibaba/starwars-names#readme',
21 silly publish   dependencies: { 'unique-random-array': '1.0.0' },
21 silly publish   readme: '# starwars-names\n',
21 silly publish   readmeFilename: 'README.md',
21 silly publish   gitHead: '363d56afc831033819020244ba89cdac84f75632',
21 silly publish   _id: 'starwars-name@1.0.0',
21 silly publish   _shasum: 'ac56fc6d50e0d3dddbefe9ee0332b6e6ac0f1709',
21 silly publish   _from: '.' }
22 verbose getPublishConfig undefined
23 silly mapToRegistry name starwars-name
24 silly mapToRegistry using default registry
25 silly mapToRegistry registry https://registry.npmjs.org/
26 silly mapToRegistry data Result {
26 silly mapToRegistry   raw: 'starwars-name',
26 silly mapToRegistry   scope: null,
26 silly mapToRegistry   escapedName: 'starwars-name',
26 silly mapToRegistry   name: 'starwars-name',
26 silly mapToRegistry   rawSpec: '',
26 silly mapToRegistry   spec: 'latest',
26 silly mapToRegistry   type: 'tag' }
27 silly mapToRegistry uri https://registry.npmjs.org/starwars-name
28 verbose publish registryBase https://registry.npmjs.org/
29 silly publish uploading C:\Users\MSI\AppData\Roaming\npm-cache\starwars-name\1.0.0\package.tgz
30 verbose request uri https://registry.npmjs.org/starwars-name
31 verbose request sending authorization for write operation
32 info attempt registry request try #1 at 15:02:44
33 verbose request using bearer token for auth
34 verbose request id 867870e01f815fa3
35 http request PUT https://registry.npmjs.org/starwars-name
36 http 403 https://registry.npmjs.org/starwars-name
37 verbose headers { 'content-type': 'application/json',
37 verbose headers   'cache-control': 'max-age=300',
37 verbose headers   'content-length': '107',
37 verbose headers   'accept-ranges': 'bytes',
37 verbose headers   date: 'Sun, 20 Nov 2016 13:02:46 GMT',
37 verbose headers   via: '1.1 varnish',
37 verbose headers   connection: 'keep-alive',
37 verbose headers   'x-served-by': 'cache-bma7030-BMA',
37 verbose headers   'x-cache': 'MISS',
37 verbose headers   'x-cache-hits': '0',
37 verbose headers   'x-timer': 'S1479646965.541927,VS0,VE710',
37 verbose headers   vary: 'Accept-Encoding' }
38 verbose request invalidating C:\Users\MSI\AppData\Roaming\npm-cache\registry.npmjs.org\starwars-name on PUT
39 error publish Failed PUT 403
40 verbose stack Error: you do not have permission to publish "starwars-name". Are you logged in as the correct user? : starwars-name
40 verbose stack     at makeError (C:\Program Files\nodejs\node_modules\npm\node_modules\npm-registry-client\lib\request.js:302:12)
40 verbose stack     at CachingRegistryClient.<anonymous> (C:\Program Files\nodejs\node_modules\npm\node_modules\npm-registry-client\lib\request.js:290:14)
40 verbose stack     at Request._callback (C:\Program Files\nodejs\node_modules\npm\node_modules\npm-registry-client\lib\request.js:210:14)
40 verbose stack     at Request.self.callback (C:\Program Files\nodejs\node_modules\npm\node_modules\request\request.js:187:22)
40 verbose stack     at emitTwo (events.js:106:13)
40 verbose stack     at Request.emit (events.js:191:7)
40 verbose stack     at Request.<anonymous> (C:\Program Files\nodejs\node_modules\npm\node_modules\request\request.js:1044:10)
40 verbose stack     at emitOne (events.js:96:13)
40 verbose stack     at Request.emit (events.js:188:7)
40 verbose stack     at IncomingMessage.<anonymous> (C:\Program Files\nodejs\node_modules\npm\node_modules\request\request.js:965:12)
41 verbose statusCode 403
42 verbose pkgid starwars-name
43 verbose cwd C:\Users\Public\starwars-names
44 error Windows_NT 6.1.7601
45 error argv "C:\\Program Files\\nodejs\\node.exe" "C:\\Program Files\\nodejs\\node_modules\\npm\\bin\\npm-cli.js" "publish"
46 error node v6.9.1
47 error npm  v3.10.8
48 error code E403
49 error you do not have permission to publish "starwars-name". Are you logged in as the correct user? : starwars-name
50 error If you need help, you may report this error at:
50 error     <https://github.com/npm/npm/issues>
51 verbose exit [ 1, true ]
